Arguments: 
  C:\Program Files\nodejs\node.exe C:\Program Files\nodejs\node_modules\yarn\bin\yarn.js add dotenv --save

PATH: 
  C:\ProgramData\Oracle\Java\javapath;C:\WINDOWS\system32;C:\WINDOWS;C:\WINDOWS\System32\Wbem;C:\WINDOWS\System32\WindowsPowerShell\v1.0\;C:\Program Files\Git\cmd;C:\Program Files\PuTTY\;C:\Program Files\dotnet\;C:\Program Files\Microsoft SQL Server\120\Tools\Binn\;C:\HashiCorp\Vagrant\bin;C:\WINDOWS\System32\OpenSSH\;C:\Program Files\Microsoft VS Code\bin;C:\Program Files\nodejs\;C:\WINDOWS\system32;C:\WINDOWS;C:\WINDOWS\System32\Wbem;C:\WINDOWS\System32\WindowsPowerShell\v1.0\;C:\Program Files\Git\cmd;C:\Program Files\nodejs\;C:\Program Files\PuTTY\;C:\Program Files\dotnet\;C:\Program Files\Microsoft SQL Server\120\Tools\Binn\;C:\HashiCorp\Vagrant\bin;C:\Users\duntu\AppData\Local\Programs\Python\Python35-32\Scripts\;C:\Users\duntu\AppData\Local\Programs\Python\Python35-32\;C:\Program Files\Microsoft VS Code\bin;C:\Users\duntu\AppData\Local\Microsoft\WindowsApps;c:\Users\Me\AppData\Roaming\npm\;c:\Users\duntu\AppData\Roaming\npm\;C:\Users\duntu\AppData\Roaming\npm\;C:\Users\duntu\AppData\Local\Microsoft\WindowsApps;C:\Users\duntu\AppData\Roaming\npm

Yarn version: 
  1.6.0

Node version: 
  8.11.3

Platform: 
  win32 ia32

Trace: 
  Error: getaddrinfo ENOTFOUND registry.yarnpkg.com registry.yarnpkg.com:443
      at errnoException (dns.js:50:10)
      at GetAddrInfoReqWrap.onlookup [as oncomplete] (dns.js:92:26)

npm manifest: 
  {
    "name": "Fast-food-fast",
    "version": "1.0.0",
    "description": "",
    "main": "index.js",
    "scripts": {
      "start:dev": "nodemon server/app.js --exec babel-node",
      "test": "mocha --timeout 500000 --compilers js:babel-core/register server/test/users.js"
    },
    "keywords": [],
    "author": "",
    "license": "ISC",
    "dependencies": {
      "babel-register": "^6.26.0",
      "body-parser": "^1.18.3",
      "express": "^4.16.3",
      "morgan": "^1.9.0"
    },
    "devDependencies": {
      "babel-cli": "^6.26.0",
      "babel-core": "^6.26.3",
      "babel-loader": "^8.0.2",
      "babel-plugin-transform-object-rest-spread": "^6.26.0",
      "babel-polyfill": "^6.26.0",
      "babel-preset-env": "^1.7.0",
      "babel-preset-stage-2": "^6.24.1",
      "chai": "^4.1.2",
      "chai-http": "^4.2.0",
      "eslint": "^5.5.0",
      "eslint-config-airbnb-base": "^13.1.0",
      "eslint-plugin-import": "^2.14.0",
      "mocha": "^5.2.0",
      "nodemon": "^1.18.4",
      "supertest": "^3.2.0"
    }
  }

yarn manifest: 
  No manifest

Lockfile: 
  No lockfile
